mode: set
github.com/jorgejr568/wheregoes/main.go:5.13,7.16 2 0
github.com/jorgejr568/wheregoes/main.go:7.16,9.3 1 0
github.com/jorgejr568/wheregoes/internal/dto/track.dto.go:35.58,40.2 1 0
github.com/jorgejr568/wheregoes/internal/dto/track.dto.go:42.51,46.2 1 0
github.com/jorgejr568/wheregoes/internal/dto/track.dto.go:48.95,53.2 1 0
github.com/jorgejr568/wheregoes/internal/clients/fetcher.client.go:21.100,23.16 2 1
github.com/jorgejr568/wheregoes/internal/clients/fetcher.client.go:23.16,25.3 1 0
github.com/jorgejr568/wheregoes/internal/clients/fetcher.client.go:27.2,30.16 4 1
github.com/jorgejr568/wheregoes/internal/clients/fetcher.client.go:30.16,32.3 1 1
github.com/jorgejr568/wheregoes/internal/clients/fetcher.client.go:34.2,37.8 1 1
github.com/jorgejr568/wheregoes/internal/clients/fetcher.client.go:40.43,43.70 1 1
github.com/jorgejr568/wheregoes/internal/clients/fetcher.client.go:43.70,45.5 1 1
github.com/jorgejr568/wheregoes/internal/services/tracker.service.go:43.95,46.6 3 1
github.com/jorgejr568/wheregoes/internal/services/tracker.service.go:46.6,50.17 4 1
github.com/jorgejr568/wheregoes/internal/services/tracker.service.go:50.17,52.4 1 1
github.com/jorgejr568/wheregoes/internal/services/tracker.service.go:54.3,61.18 3 1
github.com/jorgejr568/wheregoes/internal/services/tracker.service.go:61.18,62.9 1 1
github.com/jorgejr568/wheregoes/internal/services/tracker.service.go:65.3,66.16 2 1
github.com/jorgejr568/wheregoes/internal/services/tracker.service.go:66.16,67.9 1 1
github.com/jorgejr568/wheregoes/internal/services/tracker.service.go:70.3,70.33 1 1
github.com/jorgejr568/wheregoes/internal/services/tracker.service.go:70.33,72.4 1 1
github.com/jorgejr568/wheregoes/internal/services/tracker.service.go:74.3,74.24 1 1
github.com/jorgejr568/wheregoes/internal/services/tracker.service.go:77.2,80.8 1 1
github.com/jorgejr568/wheregoes/internal/services/tracker.service.go:83.101,84.23 1 1
github.com/jorgejr568/wheregoes/internal/services/tracker.service.go:84.23,86.3 1 1
github.com/jorgejr568/wheregoes/internal/services/tracker.service.go:88.2,88.30 1 1
github.com/jorgejr568/wheregoes/internal/services/tracker.service.go:88.30,90.3 1 1
github.com/jorgejr568/wheregoes/internal/services/tracker.service.go:92.2,93.16 2 1
github.com/jorgejr568/wheregoes/internal/services/tracker.service.go:93.16,95.3 1 0
github.com/jorgejr568/wheregoes/internal/services/tracker.service.go:97.2,97.96 1 1
github.com/jorgejr568/wheregoes/internal/services/tracker.service.go:100.107,103.12 2 1
github.com/jorgejr568/wheregoes/internal/services/tracker.service.go:103.12,106.7 3 1
github.com/jorgejr568/wheregoes/internal/services/tracker.service.go:106.7,110.18 4 1
github.com/jorgejr568/wheregoes/internal/services/tracker.service.go:110.18,115.5 2 1
github.com/jorgejr568/wheregoes/internal/services/tracker.service.go:117.4,125.34 2 1
github.com/jorgejr568/wheregoes/internal/services/tracker.service.go:125.34,130.5 2 0
github.com/jorgejr568/wheregoes/internal/services/tracker.service.go:132.4,134.19 3 1
github.com/jorgejr568/wheregoes/internal/services/tracker.service.go:134.19,139.5 2 1
github.com/jorgejr568/wheregoes/internal/services/tracker.service.go:141.4,142.17 2 1
github.com/jorgejr568/wheregoes/internal/services/tracker.service.go:142.17,147.5 2 0
github.com/jorgejr568/wheregoes/internal/services/tracker.service.go:151.2,151.11 1 1
github.com/jorgejr568/wheregoes/internal/services/tracker.service.go:154.70,158.2 1 1
github.com/jorgejr568/wheregoes/internal/pkg/set/set.go:15.26,17.2 1 1
github.com/jorgejr568/wheregoes/internal/pkg/set/set.go:19.29,21.2 1 1
github.com/jorgejr568/wheregoes/internal/pkg/set/set.go:23.36,26.2 2 1
github.com/jorgejr568/wheregoes/internal/pkg/set/set.go:28.27,30.2 1 1
github.com/jorgejr568/wheregoes/internal/pkg/set/set.go:32.30,34.21 2 1
github.com/jorgejr568/wheregoes/internal/pkg/set/set.go:34.21,36.3 1 1
github.com/jorgejr568/wheregoes/internal/pkg/set/set.go:37.2,37.15 1 1
github.com/jorgejr568/wheregoes/internal/pkg/set/set.go:40.33,44.2 1 1
github.com/jorgejr568/wheregoes/internal/utils/url.utils.go:7.29,9.2 1 1
github.com/jorgejr568/wheregoes/internal/cmd/root.command.go:18.47,19.51 1 1
github.com/jorgejr568/wheregoes/internal/cmd/root.command.go:19.51,26.4 2 1
github.com/jorgejr568/wheregoes/internal/cmd/root.command.go:28.3,29.9 2 0
github.com/jorgejr568/wheregoes/internal/cmd/root.command.go:31.51,32.3 0 1
github.com/jorgejr568/wheregoes/internal/cmd/root.command.go:36.13,41.57 4 1
github.com/jorgejr568/wheregoes/internal/cmd/root.command.go:41.57,43.3 1 1
github.com/jorgejr568/wheregoes/internal/cmd/serve.command.go:11.29,15.48 1 1
github.com/jorgejr568/wheregoes/internal/cmd/serve.command.go:15.48,18.14 3 1
github.com/jorgejr568/wheregoes/internal/cmd/serve.command.go:18.14,21.5 2 1
github.com/jorgejr568/wheregoes/internal/cmd/serve.command.go:23.4,26.18 3 1
github.com/jorgejr568/wheregoes/internal/cmd/serve.command.go:26.18,27.15 1 0
github.com/jorgejr568/wheregoes/internal/cmd/serve.command.go:32.2,33.12 2 1
github.com/jorgejr568/wheregoes/internal/cmd/track.command.go:13.29,18.58 1 1
github.com/jorgejr568/wheregoes/internal/cmd/track.command.go:18.58,20.18 2 1
github.com/jorgejr568/wheregoes/internal/cmd/track.command.go:20.18,22.5 1 0
github.com/jorgejr568/wheregoes/internal/cmd/track.command.go:24.4,24.38 1 1
github.com/jorgejr568/wheregoes/internal/cmd/track.command.go:24.38,26.5 1 1
github.com/jorgejr568/wheregoes/internal/cmd/track.command.go:27.4,27.14 1 1
github.com/jorgejr568/wheregoes/internal/cmd/track.command.go:29.48,36.8 4 1
github.com/jorgejr568/wheregoes/internal/cmd/track.command.go:36.8,37.12 1 1
github.com/jorgejr568/wheregoes/internal/cmd/track.command.go:38.34,39.29 1 1
github.com/jorgejr568/wheregoes/internal/cmd/track.command.go:39.29,41.7 1 0
github.com/jorgejr568/wheregoes/internal/cmd/track.command.go:43.6,43.27 1 1
github.com/jorgejr568/wheregoes/internal/cmd/track.command.go:43.27,45.7 1 1
github.com/jorgejr568/wheregoes/internal/cmd/track.command.go:47.6,54.9 3 1
github.com/jorgejr568/wheregoes/internal/cmd/track.command.go:60.2,62.12 2 1
github.com/jorgejr568/wheregoes/internal/dto/track.dto.go:35.58,40.2 1 0
github.com/jorgejr568/wheregoes/internal/dto/track.dto.go:42.51,46.2 1 0
github.com/jorgejr568/wheregoes/internal/dto/track.dto.go:48.95,53.2 1 0
github.com/jorgejr568/wheregoes/internal/dto/track.dto.go:35.58,40.2 1 1
github.com/jorgejr568/wheregoes/internal/dto/track.dto.go:42.51,46.2 1 1
github.com/jorgejr568/wheregoes/internal/dto/track.dto.go:48.95,53.2 1 1
github.com/jorgejr568/wheregoes/internal/server/server.go:22.43,23.42 1 1
github.com/jorgejr568/wheregoes/internal/server/server.go:23.42,24.58 1 1
github.com/jorgejr568/wheregoes/internal/server/server.go:24.58,26.6 1 1
github.com/jorgejr568/wheregoes/internal/server/server.go:29.4,29.16 1 1
github.com/jorgejr568/wheregoes/internal/server/server.go:34.39,37.12 3 1
github.com/jorgejr568/wheregoes/internal/server/server.go:37.12,41.50 3 1
github.com/jorgejr568/wheregoes/internal/server/server.go:41.50,43.4 1 0
github.com/jorgejr568/wheregoes/internal/server/server.go:46.2,55.55 5 1
github.com/jorgejr568/wheregoes/internal/server/server.go:55.55,57.3 1 1
github.com/jorgejr568/wheregoes/internal/server/server.go:59.2,59.56 1 1
github.com/jorgejr568/wheregoes/internal/server/server.go:59.56,61.41 2 1
github.com/jorgejr568/wheregoes/internal/server/server.go:61.41,63.4 1 1
github.com/jorgejr568/wheregoes/internal/server/server.go:65.3,66.17 2 1
github.com/jorgejr568/wheregoes/internal/server/server.go:66.17,67.55 1 1
github.com/jorgejr568/wheregoes/internal/server/server.go:67.55,69.5 1 1
github.com/jorgejr568/wheregoes/internal/server/server.go:71.4,71.14 1 1
github.com/jorgejr568/wheregoes/internal/server/server.go:74.3,74.41 1 1
github.com/jorgejr568/wheregoes/internal/server/server.go:77.2,77.51 1 1
github.com/jorgejr568/wheregoes/internal/server/server.go:77.51,79.17 2 1
github.com/jorgejr568/wheregoes/internal/server/server.go:79.17,81.4 1 0
github.com/jorgejr568/wheregoes/internal/server/server.go:82.3,82.16 1 1
github.com/jorgejr568/wheregoes/internal/server/server.go:82.16,84.4 1 1
github.com/jorgejr568/wheregoes/internal/server/server.go:86.2,87.7 1 1
github.com/jorgejr568/wheregoes/internal/server/server.go:87.7,89.18 2 1
github.com/jorgejr568/wheregoes/internal/server/server.go:89.18,90.66 1 1
github.com/jorgejr568/wheregoes/internal/server/server.go:90.66,93.6 2 1
github.com/jorgejr568/wheregoes/internal/server/server.go:94.5,95.15 2 1
github.com/jorgejr568/wheregoes/internal/server/server.go:98.4,101.54 3 1
github.com/jorgejr568/wheregoes/internal/server/server.go:101.54,104.19 3 1
github.com/jorgejr568/wheregoes/internal/server/server.go:104.19,106.6 1 0
github.com/jorgejr568/wheregoes/internal/server/server.go:107.5,107.20 1 1
github.com/jorgejr568/wheregoes/internal/server/server.go:110.4,111.8 2 1
github.com/jorgejr568/wheregoes/internal/server/server.go:111.8,112.12 1 1
github.com/jorgejr568/wheregoes/internal/server/server.go:113.37,114.29 1 1
github.com/jorgejr568/wheregoes/internal/server/server.go:114.29,116.21 2 1
github.com/jorgejr568/wheregoes/internal/server/server.go:116.21,118.8 1 0
github.com/jorgejr568/wheregoes/internal/server/server.go:119.7,119.22 1 1
github.com/jorgejr568/wheregoes/internal/server/server.go:122.6,122.27 1 1
github.com/jorgejr568/wheregoes/internal/server/server.go:122.27,124.21 2 1
github.com/jorgejr568/wheregoes/internal/server/server.go:124.21,127.8 1 0
github.com/jorgejr568/wheregoes/internal/server/server.go:129.7,130.22 2 1
github.com/jorgejr568/wheregoes/internal/server/server.go:133.6,135.20 3 1
github.com/jorgejr568/wheregoes/internal/server/server.go:135.20,137.7 1 0
github.com/jorgejr568/wheregoes/internal/server/server.go:142.3,142.13 1 0
github.com/jorgejr568/wheregoes/internal/server/server.go:145.2,146.57 2 1
github.com/jorgejr568/wheregoes/internal/server/server.go:146.57,148.3 1 0
github.com/jorgejr568/wheregoes/internal/server/server.go:150.2,150.12 1 1
github.com/jorgejr568/wheregoes/internal/server/server.go:157.13,158.80 1 1
github.com/jorgejr568/wheregoes/internal/server/server.go:158.80,161.3 2 0
github.com/jorgejr568/wheregoes/internal/server/server.go:163.2,163.32 1 1
